[debug] [2025-01-01T11:55:19.167Z] ----------------------------------------------------------------------
[debug] [2025-01-01T11:55:19.170Z] Command:       C:\Program Files\nodejs\node.exe C:\Users\Kaushik\AppData\Roaming\npm\node_modules\firebase-tools\lib\bin\firebase.js init
[debug] [2025-01-01T11:55:19.170Z] CLI Version:   13.29.1
[debug] [2025-01-01T11:55:19.170Z] Platform:      win32
[debug] [2025-01-01T11:55:19.170Z] Node Version:  v21.7.1
[debug] [2025-01-01T11:55:19.171Z] Time:          Wed Jan 01 2025 17:25:19 GMT+0530 (India Standard Time)
[debug] [2025-01-01T11:55:19.171Z] ----------------------------------------------------------------------
[debug] 
[debug] [2025-01-01T11:55:19.174Z] >>> [apiv2][query] GET https://firebase-public.firebaseio.com/cli.json [none]
[debug] [2025-01-01T11:55:19.222Z] > command requires scopes: ["email","openid","https://www.googleapis.com/auth/cloudplatformprojects.readonly","https://www.googleapis.com/auth/firebase","https://www.googleapis.com/auth/cloud-platform"]
[debug] [2025-01-01T11:55:19.223Z] > authorizing via signed-in user (pipaliyakaushik2004@gmail.com)
[info] 
     ######## #### ########  ######## ########     ###     ######  ########
     ##        ##  ##     ## ##       ##     ##  ##   ##  ##       ##
     ######    ##  ########  ######   ########  #########  ######  ######
     ##        ##  ##    ##  ##       ##     ## ##     ##       ## ##
     ##       #### ##     ## ######## ########  ##     ##  ######  ########

You're about to initialize a Firebase project in this directory:

  D:\portpholio

[debug] [2025-01-01T11:55:20.323Z] <<< [apiv2][status] GET https://firebase-public.firebaseio.com/cli.json 200
[debug] [2025-01-01T11:55:20.323Z] <<< [apiv2][body] GET https://firebase-public.firebaseio.com/cli.json {"cloudBuildErrorAfter":1594252800000,"cloudBuildWarnAfter":1590019200000,"defaultNode10After":1594252800000,"minVersion":"3.0.5","node8DeploysDisabledAfter":1613390400000,"node8RuntimeDisabledAfter":1615809600000,"node8WarnAfter":1600128000000}
